C:\SOURCECODE\DJPONG\DEBUG\DJPONG.EXE
C:\SOURCECODE\DJPONG\DEBUG\DJPONG.ILK
C:\SOURCECODE\DJPONG\DEBUG\DJPONG.PDB
C:\SOURCECODE\DJPONG\DJPONG\DEBUG\BALL.OBJ
C:\SourceCode\DJPong\DJPong\Debug\cl.command.1.tlog
C:\SourceCode\DJPong\DJPong\Debug\CL.read.1.tlog
C:\SourceCode\DJPong\DJPong\Debug\CL.write.1.tlog
C:\SOURCECODE\DJPONG\DJPONG\DEBUG\DJPONG.EXE.EMBED.MANIFEST
C:\SOURCECODE\DJPONG\DJPONG\DEBUG\DJPONG.EXE.EMBED.MANIFEST.RES
C:\SOURCECODE\DJPONG\DJPONG\DEBUG\DJPONG.EXE.INTERMEDIATE.MANIFEST
C:\SourceCode\DJPong\DJPong\Debug\DJPong_manifest.rc
C:\SourceCode\DJPong\DJPong\Debug\link.command.1.tlog
C:\SourceCode\DJPong\DJPong\Debug\link.read.1.tlog
C:\SourceCode\DJPong\DJPong\Debug\link.write.1.tlog
C:\SourceCode\DJPong\DJPong\Debug\link-cvtres.read.1.tlog
C:\SourceCode\DJPong\DJPong\Debug\link-cvtres.write.1.tlog
C:\SOURCECODE\DJPONG\DJPONG\DEBUG\MAIN.OBJ
C:\SourceCode\DJPong\DJPong\Debug\mt.command.1.tlog
C:\SourceCode\DJPong\DJPong\Debug\mt.read.1.tlog
C:\SourceCode\DJPong\DJPong\Debug\mt.write.1.tlog
C:\SOURCECODE\DJPONG\DJPONG\DEBUG\PADDLE.OBJ
C:\SourceCode\DJPong\DJPong\Debug\rc.command.1.tlog
C:\SourceCode\DJPong\DJPong\Debug\rc.read.1.tlog
C:\SourceCode\DJPong\DJPong\Debug\rc.write.1.tlog
C:\SourceCode\DJPong\DJPong\Debug\vc100.idb
C:\SOURCECODE\DJPONG\DJPONG\DEBUG\VC100.PDB
